{"/Users/gilson.sales/Documents/locationapp/src/components/Load/index.tsx": {"path":"/Users/gilson.sales/Documents/locationapp/src/components/Load/index.tsx","statementMap":{"0":{"start":{"line":9,"column":52},"end":{"line":15,"column":1}},"1":{"start":{"line":10,"column":4},"end":{"line":14,"column":5}}},"fnMap":{"0":{"name":"(anonymous_0)","decl":{"start":{"line":9,"column":52},"end":{"line":9,"column":53}},"loc":{"start":{"line":9,"column":66},"end":{"line":15,"column":1}},"line":9}},"branchMap":{},"s":{"0":1,"1":0},"f":{"0":0},"b":{},"_coverageSchema":"1a1c01bbd47fc00a2c39e90264f33305004495a9","hash":"c1f0ad49f8166ce1d1299b5ee4509a604084b8aa"}
,"/Users/gilson.sales/Documents/locationapp/src/components/Load/styles.ts": {"path":"/Users/gilson.sales/Documents/locationapp/src/components/Load/styles.ts","statementMap":{"0":{"start":{"line":4,"column":25},"end":{"line":7,"column":1}},"1":{"start":{"line":6,"column":26},"end":{"line":6,"column":44}}},"fnMap":{"0":{"name":"(anonymous_0)","decl":{"start":{"line":6,"column":11},"end":{"line":6,"column":12}},"loc":{"start":{"line":6,"column":26},"end":{"line":6,"column":44}},"line":6}},"branchMap":{},"s":{"0":1,"1":0},"f":{"0":0},"b":{},"_coverageSchema":"1a1c01bbd47fc00a2c39e90264f33305004495a9","hash":"bea09ac41fbf4dd97393179050026caede29f490"}
,"/Users/gilson.sales/Documents/locationapp/src/components/TextInput/index.tsx": {"path":"/Users/gilson.sales/Documents/locationapp/src/components/TextInput/index.tsx","statementMap":{"0":{"start":{"line":10,"column":58},"end":{"line":32,"column":1}},"1":{"start":{"line":19,"column":4},"end":{"line":31,"column":6}}},"fnMap":{"0":{"name":"(anonymous_0)","decl":{"start":{"line":10,"column":58},"end":{"line":10,"column":59}},"loc":{"start":{"line":18,"column":6},"end":{"line":32,"column":1}},"line":18}},"branchMap":{},"s":{"0":1,"1":3},"f":{"0":3},"b":{},"_coverageSchema":"1a1c01bbd47fc00a2c39e90264f33305004495a9","hash":"badd43a8da17c1585b6dc20f0a1e630d2543950c"}
,"/Users/gilson.sales/Documents/locationapp/src/components/TextInput/styles.ts": {"path":"/Users/gilson.sales/Documents/locationapp/src/components/TextInput/styles.ts","statementMap":{"0":{"start":{"line":4,"column":25},"end":{"line":12,"column":1}},"1":{"start":{"line":7,"column":37},"end":{"line":7,"column":59}},"2":{"start":{"line":9,"column":33},"end":{"line":9,"column":54}},"3":{"start":{"line":14,"column":25},"end":{"line":25,"column":1}},"4":{"start":{"line":19,"column":26},"end":{"line":19,"column":47}}},"fnMap":{"0":{"name":"(anonymous_0)","decl":{"start":{"line":7,"column":22},"end":{"line":7,"column":23}},"loc":{"start":{"line":7,"column":37},"end":{"line":7,"column":59}},"line":7},"1":{"name":"(anonymous_1)","decl":{"start":{"line":9,"column":18},"end":{"line":9,"column":19}},"loc":{"start":{"line":9,"column":33},"end":{"line":9,"column":54}},"line":9},"2":{"name":"(anonymous_2)","decl":{"start":{"line":19,"column":11},"end":{"line":19,"column":12}},"loc":{"start":{"line":19,"column":26},"end":{"line":19,"column":47}},"line":19}},"branchMap":{},"s":{"0":1,"1":3,"2":3,"3":1,"4":3},"f":{"0":3,"1":3,"2":3},"b":{},"_coverageSchema":"1a1c01bbd47fc00a2c39e90264f33305004495a9","hash":"a4e538a19364fc66012919ea281fe13e529d1ff9"}
,"/Users/gilson.sales/Documents/locationapp/src/global/styles/index.ts": {"path":"/Users/gilson.sales/Documents/locationapp/src/global/styles/index.ts","statementMap":{},"fnMap":{},"branchMap":{},"s":{},"f":{},"b":{},"_coverageSchema":"1a1c01bbd47fc00a2c39e90264f33305004495a9","hash":"268066cdc1aa94654285125c897c3f607630441f"}
,"/Users/gilson.sales/Documents/locationapp/src/screens/Authentication/SignIn/index.tsx": {"path":"/Users/gilson.sales/Documents/locationapp/src/screens/Authentication/SignIn/index.tsx","statementMap":{"0":{"start":{"line":25,"column":47},"end":{"line":119,"column":1}},"1":{"start":{"line":26,"column":23},"end":{"line":26,"column":54}},"2":{"start":{"line":28,"column":32},"end":{"line":28,"column":44}},"3":{"start":{"line":29,"column":50},"end":{"line":29,"column":65}},"4":{"start":{"line":30,"column":50},"end":{"line":30,"column":62}},"5":{"start":{"line":31,"column":34},"end":{"line":31,"column":49}},"6":{"start":{"line":34,"column":8},"end":{"line":34,"column":44}},"7":{"start":{"line":37,"column":27},"end":{"line":40,"column":5}},"8":{"start":{"line":38,"column":8},"end":{"line":38,"column":36}},"9":{"start":{"line":39,"column":8},"end":{"line":39,"column":27}},"10":{"start":{"line":42,"column":31},"end":{"line":50,"column":5}},"11":{"start":{"line":43,"column":8},"end":{"line":49,"column":11}},"12":{"start":{"line":52,"column":26},"end":{"line":60,"column":5}},"13":{"start":{"line":53,"column":8},"end":{"line":53,"column":24}},"14":{"start":{"line":54,"column":8},"end":{"line":59,"column":9}},"15":{"start":{"line":55,"column":12},"end":{"line":55,"column":58}},"16":{"start":{"line":56,"column":12},"end":{"line":56,"column":30}},"17":{"start":{"line":58,"column":12},"end":{"line":58,"column":32}},"18":{"start":{"line":62,"column":24},"end":{"line":78,"column":5}},"19":{"start":{"line":63,"column":8},"end":{"line":77,"column":9}},"20":{"start":{"line":64,"column":29},"end":{"line":66,"column":13}},"21":{"start":{"line":67,"column":33},"end":{"line":67,"column":54}},"22":{"start":{"line":68,"column":12},"end":{"line":72,"column":13}},"23":{"start":{"line":69,"column":16},"end":{"line":69,"column":72}},"24":{"start":{"line":71,"column":16},"end":{"line":71,"column":50}},"25":{"start":{"line":74,"column":12},"end":{"line":74,"column":24}},"26":{"start":{"line":76,"column":12},"end":{"line":76,"column":30}},"27":{"start":{"line":80,"column":4},"end":{"line":118,"column":6}},"28":{"start":{"line":91,"column":46},"end":{"line":91,"column":61}}},"fnMap":{"0":{"name":"(anonymous_0)","decl":{"start":{"line":25,"column":47},"end":{"line":25,"column":48}},"loc":{"start":{"line":25,"column":53},"end":{"line":119,"column":1}},"line":25},"1":{"name":"onToggleSnackBar","decl":{"start":{"line":33,"column":13},"end":{"line":33,"column":29}},"loc":{"start":{"line":33,"column":32},"end":{"line":35,"column":5}},"line":33},"2":{"name":"(anonymous_2)","decl":{"start":{"line":37,"column":27},"end":{"line":37,"column":28}},"loc":{"start":{"line":37,"column":48},"end":{"line":40,"column":5}},"line":37},"3":{"name":"(anonymous_3)","decl":{"start":{"line":42,"column":31},"end":{"line":42,"column":32}},"loc":{"start":{"line":42,"column":63},"end":{"line":50,"column":5}},"line":42},"4":{"name":"(anonymous_4)","decl":{"start":{"line":52,"column":26},"end":{"line":52,"column":27}},"loc":{"start":{"line":52,"column":32},"end":{"line":60,"column":5}},"line":52},"5":{"name":"(anonymous_5)","decl":{"start":{"line":62,"column":24},"end":{"line":62,"column":25}},"loc":{"start":{"line":62,"column":48},"end":{"line":78,"column":5}},"line":62},"6":{"name":"(anonymous_6)","decl":{"start":{"line":91,"column":38},"end":{"line":91,"column":39}},"loc":{"start":{"line":91,"column":46},"end":{"line":91,"column":61}},"line":91}},"branchMap":{"0":{"loc":{"start":{"line":44,"column":21},"end":{"line":44,"column":76}},"type":"cond-expr","locations":[{"start":{"line":44,"column":40},"end":{"line":44,"column":55}},{"start":{"line":44,"column":58},"end":{"line":44,"column":76}}],"line":44},"1":{"loc":{"start":{"line":54,"column":8},"end":{"line":59,"column":9}},"type":"if","locations":[{"start":{"line":54,"column":8},"end":{"line":59,"column":9}},{"start":{"line":57,"column":15},"end":{"line":59,"column":9}}],"line":54},"2":{"loc":{"start":{"line":68,"column":12},"end":{"line":72,"column":13}},"type":"if","locations":[{"start":{"line":68,"column":12},"end":{"line":72,"column":13}},{"start":{"line":70,"column":19},"end":{"line":72,"column":13}}],"line":68},"3":{"loc":{"start":{"line":83,"column":37},"end":{"line":83,"column":82}},"type":"cond-expr","locations":[{"start":{"line":83,"column":61},"end":{"line":83,"column":70}},{"start":{"line":83,"column":73},"end":{"line":83,"column":82}}],"line":83},"4":{"loc":{"start":{"line":98,"column":28},"end":{"line":102,"column":29}},"type":"cond-expr","locations":[{"start":{"line":99,"column":32},"end":{"line":99,"column":53}},{"start":{"line":101,"column":32},"end":{"line":101,"column":87}}],"line":98}},"s":{"0":1,"1":3,"2":3,"3":3,"4":3,"5":3,"6":0,"7":3,"8":0,"9":0,"10":3,"11":0,"12":3,"13":0,"14":0,"15":0,"16":0,"17":0,"18":3,"19":0,"20":0,"21":0,"22":0,"23":0,"24":0,"25":0,"26":0,"27":3,"28":0},"f":{"0":3,"1":0,"2":0,"3":0,"4":0,"5":0,"6":0},"b":{"0":[0,0],"1":[0,0],"2":[0,0],"3":[3,0],"4":[0,3]},"_coverageSchema":"1a1c01bbd47fc00a2c39e90264f33305004495a9","hash":"0ff08079a6a46f9daca99ce2e9164eb2281a1a9d"}
,"/Users/gilson.sales/Documents/locationapp/src/screens/Authentication/SignIn/styles.ts": {"path":"/Users/gilson.sales/Documents/locationapp/src/screens/Authentication/SignIn/styles.ts","statementMap":{"0":{"start":{"line":5,"column":25},"end":{"line":12,"column":1}},"1":{"start":{"line":11,"column":37},"end":{"line":11,"column":59}},"2":{"start":{"line":14,"column":29},"end":{"line":16,"column":1}},"3":{"start":{"line":18,"column":27},"end":{"line":24,"column":1}},"4":{"start":{"line":21,"column":26},"end":{"line":21,"column":47}},"5":{"start":{"line":26,"column":30},"end":{"line":26,"column":43}},"6":{"start":{"line":28,"column":28},"end":{"line":35,"column":1}},"7":{"start":{"line":29,"column":37},"end":{"line":29,"column":58}},"8":{"start":{"line":37,"column":26},"end":{"line":42,"column":1}},"9":{"start":{"line":38,"column":26},"end":{"line":38,"column":44}},"10":{"start":{"line":44,"column":29},"end":{"line":46,"column":1}},"11":{"start":{"line":45,"column":37},"end":{"line":45,"column":56}},"12":{"start":{"line":48,"column":28},"end":{"line":51,"column":1}},"13":{"start":{"line":49,"column":26},"end":{"line":49,"column":44}},"14":{"start":{"line":50,"column":32},"end":{"line":50,"column":48}}},"fnMap":{"0":{"name":"(anonymous_0)","decl":{"start":{"line":11,"column":22},"end":{"line":11,"column":23}},"loc":{"start":{"line":11,"column":37},"end":{"line":11,"column":59}},"line":11},"1":{"name":"(anonymous_1)","decl":{"start":{"line":21,"column":11},"end":{"line":21,"column":12}},"loc":{"start":{"line":21,"column":26},"end":{"line":21,"column":47}},"line":21},"2":{"name":"(anonymous_2)","decl":{"start":{"line":29,"column":22},"end":{"line":29,"column":23}},"loc":{"start":{"line":29,"column":37},"end":{"line":29,"column":58}},"line":29},"3":{"name":"(anonymous_3)","decl":{"start":{"line":38,"column":11},"end":{"line":38,"column":12}},"loc":{"start":{"line":38,"column":26},"end":{"line":38,"column":44}},"line":38},"4":{"name":"(anonymous_4)","decl":{"start":{"line":45,"column":22},"end":{"line":45,"column":23}},"loc":{"start":{"line":45,"column":37},"end":{"line":45,"column":56}},"line":45},"5":{"name":"(anonymous_5)","decl":{"start":{"line":49,"column":11},"end":{"line":49,"column":12}},"loc":{"start":{"line":49,"column":26},"end":{"line":49,"column":44}},"line":49},"6":{"name":"(anonymous_6)","decl":{"start":{"line":50,"column":17},"end":{"line":50,"column":18}},"loc":{"start":{"line":50,"column":32},"end":{"line":50,"column":48}},"line":50}},"branchMap":{},"s":{"0":1,"1":3,"2":1,"3":1,"4":3,"5":1,"6":1,"7":3,"8":1,"9":3,"10":1,"11":3,"12":1,"13":0,"14":0},"f":{"0":3,"1":3,"2":3,"3":3,"4":3,"5":0,"6":0},"b":{},"_coverageSchema":"1a1c01bbd47fc00a2c39e90264f33305004495a9","hash":"4b12537a866ed74c049b27fb95f49576cf1d4f04"}
}
