TN:
SF:src/components/Load/index.tsx
FN:9,(anonymous_0)
FNF:1
FNH:0
FNDA:0,(anonymous_0)
DA:9,1
DA:10,0
LF:2
LH:1
BRF:0
BRH:0
end_of_record
TN:
SF:src/components/Load/styles.ts
FN:6,(anonymous_0)
FNF:1
FNH:0
FNDA:0,(anonymous_0)
DA:4,1
DA:6,0
LF:2
LH:1
BRF:0
BRH:0
end_of_record
TN:
SF:src/components/TextInput/index.tsx
FN:10,(anonymous_0)
FNF:1
FNH:1
FNDA:3,(anonymous_0)
DA:10,1
DA:19,3
LF:2
LH:2
BRF:0
BRH:0
end_of_record
TN:
SF:src/components/TextInput/styles.ts
FN:7,(anonymous_0)
FN:9,(anonymous_1)
FN:19,(anonymous_2)
FNF:3
FNH:3
FNDA:3,(anonymous_0)
FNDA:3,(anonymous_1)
FNDA:3,(anonymous_2)
DA:4,1
DA:7,3
DA:9,3
DA:14,1
DA:19,3
LF:5
LH:5
BRF:0
BRH:0
end_of_record
TN:
SF:src/global/styles/index.ts
FNF:0
FNH:0
LF:0
LH:0
BRF:0
BRH:0
end_of_record
TN:
SF:src/screens/Authentication/SignIn/index.tsx
FN:25,(anonymous_0)
FN:33,onToggleSnackBar
FN:37,(anonymous_2)
FN:42,(anonymous_3)
FN:52,(anonymous_4)
FN:62,(anonymous_5)
FN:91,(anonymous_6)
FNF:7
FNH:1
FNDA:3,(anonymous_0)
FNDA:0,onToggleSnackBar
FNDA:0,(anonymous_2)
FNDA:0,(anonymous_3)
FNDA:0,(anonymous_4)
FNDA:0,(anonymous_5)
FNDA:0,(anonymous_6)
DA:25,1
DA:26,3
DA:28,3
DA:29,3
DA:30,3
DA:31,3
DA:34,0
DA:37,3
DA:38,0
DA:39,0
DA:42,3
DA:43,0
DA:52,3
DA:53,0
DA:54,0
DA:55,0
DA:56,0
DA:58,0
DA:62,3
DA:63,0
DA:64,0
DA:67,0
DA:68,0
DA:69,0
DA:71,0
DA:74,0
DA:76,0
DA:80,3
DA:91,0
LF:29
LH:11
BRDA:44,0,0,0
BRDA:44,0,1,0
BRDA:54,1,0,0
BRDA:54,1,1,0
BRDA:68,2,0,0
BRDA:68,2,1,0
BRDA:83,3,0,3
BRDA:83,3,1,0
BRDA:98,4,0,0
BRDA:98,4,1,3
BRF:10
BRH:2
end_of_record
TN:
SF:src/screens/Authentication/SignIn/styles.ts
FN:11,(anonymous_0)
FN:21,(anonymous_1)
FN:29,(anonymous_2)
FN:38,(anonymous_3)
FN:45,(anonymous_4)
FN:49,(anonymous_5)
FN:50,(anonymous_6)
FNF:7
FNH:5
FNDA:3,(anonymous_0)
FNDA:3,(anonymous_1)
FNDA:3,(anonymous_2)
FNDA:3,(anonymous_3)
FNDA:3,(anonymous_4)
FNDA:0,(anonymous_5)
FNDA:0,(anonymous_6)
DA:5,1
DA:11,3
DA:14,1
DA:18,1
DA:21,3
DA:26,1
DA:28,1
DA:29,3
DA:37,1
DA:38,3
DA:44,1
DA:45,3
DA:48,1
DA:49,0
DA:50,0
LF:15
LH:13
BRF:0
BRH:0
end_of_record
